<?xml version="1.0" encoding="UTF-8"?>
<!-- Generated by org.testng.reporters.JUnitXMLReporter -->
<testsuite ignored="0" hostname="Matias" failures="1" tests="1" name="Test" time="29.847" errors="0" timestamp="2023-03-31T20:59:19 CLST">
  <testcase classname="RegisterTestNg.TestReportAllure" name="validateTitle" time="0.557">
    <failure type="java.lang.AssertionError" message="expected [true] but found [false]">
      <![CDATA[java.lang.AssertionError: expected [true] but found [false]
at RegisterTestNg.TestReportAllure.validateTitle(TestReportAllure.java:37)
at java.base/java.util.ArrayList.forEach(ArrayList.java:1511)
... Removed 29 stack frames]]>
    </failure>
  </testcase> <!-- validateTitle -->
</testsuite> <!-- Test -->
